<?xml version="1.0" encoding="UTF-8" ?>
<testsuite tests="3" failures="0" name="hellocucumber.RunCucumberTest" time="0.009" errors="0" skipped="3">
  <properties>
    <property name="java.runtime.name" value="Java(TM) SE Runtime Environment"/>
    <property name="sun.boot.library.path" value="/Library/Java/JavaVirtualMachines/jdk1.8.0_121.jdk/Contents/Home/jre/lib"/>
    <property name="java.vm.version" value="25.121-b13"/>
    <property name="user.country.format" value="IE"/>
    <property name="gopherProxySet" value="false"/>
    <property name="java.vm.vendor" value="Oracle Corporation"/>
    <property name="maven.multiModuleProjectDirectory" value="/Users/quanwenji/hellocucumber"/>
    <property name="java.vendor.url" value="http://java.oracle.com/"/>
    <property name="path.separator" value=":"/>
    <property name="guice.disable.misplaced.annotation.check" value="true"/>
    <property name="java.vm.name" value="Java HotSpot(TM) 64-Bit Server VM"/>
    <property name="file.encoding.pkg" value="sun.io"/>
    <property name="user.country" value="CN"/>
    <property name="sun.java.launcher" value="SUN_STANDARD"/>
    <property name="sun.os.patch.level" value="unknown"/>
    <property name="java.vm.specification.name" value="Java Virtual Machine Specification"/>
    <property name="user.dir" value="/Users/quanwenji/hellocucumber"/>
    <property name="java.runtime.version" value="1.8.0_121-b13"/>
    <property name="java.awt.graphicsenv" value="sun.awt.CGraphicsEnvironment"/>
    <property name="java.endorsed.dirs" value="/Library/Java/JavaVirtualMachines/jdk1.8.0_121.jdk/Contents/Home/jre/lib/endorsed"/>
    <property name="os.arch" value="x86_64"/>
    <property name="java.io.tmpdir" value="/var/folders/98/213tr6d526l3vw6jjd1mbhrm0000gn/T/"/>
    <property name="line.separator" value="
"/>
    <property name="java.vm.specification.vendor" value="Oracle Corporation"/>
    <property name="os.name" value="Mac OS X"/>
    <property name="classworlds.conf" value="/usr/local/Cellar/maven/3.5.4/libexec/bin/m2.conf"/>
    <property name="sun.jnu.encoding" value="UTF-8"/>
    <property name="java.library.path" value="/Users/quanwenji/Library/Java/Extensions:/Library/Java/Extensions:/Network/Library/Java/Extensions:/System/Library/Java/Extensions:/usr/lib/java:."/>
    <property name="maven.conf" value="/usr/local/Cellar/maven/3.5.4/libexec/conf"/>
    <property name="java.specification.name" value="Java Platform API Specification"/>
    <property name="java.class.version" value="52.0"/>
    <property name="sun.management.compiler" value="HotSpot 64-Bit Tiered Compilers"/>
    <property name="os.version" value="10.13.6"/>
    <property name="library.jansi.path" value="/usr/local/Cellar/maven/3.5.4/libexec/lib/jansi-native"/>
    <property name="http.nonProxyHosts" value="local|*.local|169.254/16|*.169.254/16"/>
    <property name="user.home" value="/Users/quanwenji"/>
    <property name="user.timezone" value="Europe/Dublin"/>
    <property name="java.awt.printerjob" value="sun.lwawt.macosx.CPrinterJob"/>
    <property name="java.specification.version" value="1.8"/>
    <property name="file.encoding" value="UTF-8"/>
    <property name="user.name" value="quanwenji"/>
    <property name="java.class.path" value="/usr/local/Cellar/maven/3.5.4/libexec/boot/plexus-classworlds-2.5.2.jar"/>
    <property name="java.vm.specification.version" value="1.8"/>
    <property name="sun.arch.data.model" value="64"/>
    <property name="java.home" value="/Library/Java/JavaVirtualMachines/jdk1.8.0_121.jdk/Contents/Home/jre"/>
    <property name="sun.java.command" value="org.codehaus.plexus.classworlds.launcher.Launcher test"/>
    <property name="java.specification.vendor" value="Oracle Corporation"/>
    <property name="user.language" value="zh"/>
    <property name="user.language.format" value="en"/>
    <property name="awt.toolkit" value="sun.lwawt.macosx.LWCToolkit"/>
    <property name="java.vm.info" value="mixed mode"/>
    <property name="java.version" value="1.8.0_121"/>
    <property name="java.ext.dirs" value="/Users/quanwenji/Library/Java/Extensions:/Library/Java/JavaVirtualMachines/jdk1.8.0_121.jdk/Contents/Home/jre/lib/ext:/Library/Java/Extensions:/Network/Library/Java/Extensions:/System/Library/Java/Extensions:/usr/lib/java"/>
    <property name="sun.boot.class.path" value="/Library/Java/JavaVirtualMachines/jdk1.8.0_121.jdk/Contents/Home/jre/lib/resources.jar:/Library/Java/JavaVirtualMachines/jdk1.8.0_121.jdk/Contents/Home/jre/lib/rt.jar:/Library/Java/JavaVirtualMachines/jdk1.8.0_121.jdk/Contents/Home/jre/lib/sunrsasign.jar:/Library/Java/JavaVirtualMachines/jdk1.8.0_121.jdk/Contents/Home/jre/lib/jsse.jar:/Library/Java/JavaVirtualMachines/jdk1.8.0_121.jdk/Contents/Home/jre/lib/jce.jar:/Library/Java/JavaVirtualMachines/jdk1.8.0_121.jdk/Contents/Home/jre/lib/charsets.jar:/Library/Java/JavaVirtualMachines/jdk1.8.0_121.jdk/Contents/Home/jre/lib/jfr.jar:/Library/Java/JavaVirtualMachines/jdk1.8.0_121.jdk/Contents/Home/jre/classes"/>
    <property name="java.vendor" value="Oracle Corporation"/>
    <property name="maven.home" value="/usr/local/Cellar/maven/3.5.4/libexec"/>
    <property name="file.separator" value="/"/>
    <property name="java.vendor.url.bug" value="http://bugreport.sun.com/bugreport/"/>
    <property name="sun.cpu.endian" value="little"/>
    <property name="sun.io.unicode.encoding" value="UnicodeBig"/>
    <property name="socksNonProxyHosts" value="local|*.local|169.254/16|*.169.254/16"/>
    <property name="ftp.nonProxyHosts" value="local|*.local|169.254/16|*.169.254/16"/>
    <property name="sun.cpu.isalist" value=""/>
  </properties>
  <testcase classname="Insulin Pump on?" name="Insulin pump delivers basal dose or no dose" time="0.006">
    <skipped/>
    <system-out>Feature: Insulin Pump on?
  Insulin pump delivers insulin or not

  Scenario Outline: Insulin pump delivers basal dose or no dose &amp;#27;[90m# hellocucumber/insulin_pump_turns_on.feature:4&amp;#27;[0m
    &amp;#27;[36mGiven insulin pump  &quot;&lt;status&gt;&quot;&amp;#27;[0m
    &amp;#27;[36mWhen insulin pump turns on&amp;#27;[0m
    &amp;#27;[36mThen insulin pump delivers &quot;&lt;dose&gt;&quot;&amp;#27;[0m

    Examples: 

  Scenario Outline: Insulin pump delivers basal dose or no dose &amp;#27;[90m# hellocucumber/insulin_pump_turns_on.feature:12&amp;#27;[0m
    &amp;#27;[33mGiven &amp;#27;[0m&amp;#27;[33minsulin pump  &quot;OFF&quot;&amp;#27;[0m                                   &amp;#27;[90m# null&amp;#27;[0m
    &amp;#27;[36mWhen &amp;#27;[0m&amp;#27;[36minsulin pump turns on&amp;#27;[0m                                  &amp;#27;[90m# Stepdefs.insulin_pump_turns_on()&amp;#27;[0m
    &amp;#27;[36mThen &amp;#27;[0m&amp;#27;[36minsulin pump delivers &quot;&amp;#27;[0m&amp;#27;[36m&amp;#27;[1mbasalDose&amp;#27;[0m&amp;#27;[36m&quot;&amp;#27;[0m                      &amp;#27;[90m# Stepdefs.insulin_pump_delivers(String)&amp;#27;[0m
</system-out>
  </testcase>
  <testcase classname="Insulin Pump on?" name="Insulin pump delivers basal dose or no dose" time="0.002">
    <skipped/>
    <system-out>
  Scenario Outline: Insulin pump delivers basal dose or no dose &amp;#27;[90m# hellocucumber/insulin_pump_turns_on.feature:13&amp;#27;[0m
    &amp;#27;[33mGiven &amp;#27;[0m&amp;#27;[33minsulin pump  &quot;Empty&quot;&amp;#27;[0m                                 &amp;#27;[90m# null&amp;#27;[0m
    &amp;#27;[36mWhen &amp;#27;[0m&amp;#27;[36minsulin pump turns on&amp;#27;[0m                                  &amp;#27;[90m# Stepdefs.insulin_pump_turns_on()&amp;#27;[0m
    &amp;#27;[36mThen &amp;#27;[0m&amp;#27;[36minsulin pump delivers &quot;&amp;#27;[0m&amp;#27;[36m&amp;#27;[1mnoDose&amp;#27;[0m&amp;#27;[36m&quot;&amp;#27;[0m                         &amp;#27;[90m# Stepdefs.insulin_pump_delivers(String)&amp;#27;[0m
</system-out>
  </testcase>
  <testcase classname="Insulin Pump on?" name="Insulin pump delivers basal dose or no dose" time="0.001">
    <skipped/>
    <system-out>
  Scenario Outline: Insulin pump delivers basal dose or no dose &amp;#27;[90m# hellocucumber/insulin_pump_turns_on.feature:14&amp;#27;[0m
    &amp;#27;[33mGiven &amp;#27;[0m&amp;#27;[33minsulin pump  &quot;anything else!&quot;&amp;#27;[0m                        &amp;#27;[90m# null&amp;#27;[0m
    &amp;#27;[36mWhen &amp;#27;[0m&amp;#27;[36minsulin pump turns on&amp;#27;[0m                                  &amp;#27;[90m# Stepdefs.insulin_pump_turns_on()&amp;#27;[0m
    &amp;#27;[36mThen &amp;#27;[0m&amp;#27;[36minsulin pump delivers &quot;&amp;#27;[0m&amp;#27;[36m&amp;#27;[1mnoDose&amp;#27;[0m&amp;#27;[36m&quot;&amp;#27;[0m                         &amp;#27;[90m# Stepdefs.insulin_pump_delivers(String)&amp;#27;[0m
</system-out>
  </testcase>
</testsuite>